<?xml version="1.0" encoding="UTF-8"?>
<testsuites>
  <testsuite name="" tests="49" assertions="61" errors="0" warnings="0" failures="0" skipped="0" time="0.146398">
    <testsuite name="Project Test Suite" tests="49" assertions="61" errors="0" warnings="0" failures="0" skipped="0" time="0.146398">
      <testsuite name="App\Tests\Card\CardGraphicTest" file="/home/shiajo/dbwebb-kurser/mvc/me/report/tests/Card/CardGraphicTest.php" tests="3" assertions="3" errors="0" warnings="0" failures="0" skipped="0" time="0.015144">
        <testcase name="testGetValue" class="App\Tests\Card\CardGraphicTest" classname="App.Tests.Card.CardGraphicTest" file="/home/shiajo/dbwebb-kurser/mvc/me/report/tests/Card/CardGraphicTest.php" line="13" assertions="1" time="0.013728"/>
        <testcase name="testGetSuitAsWord" class="App\Tests\Card\CardGraphicTest" classname="App.Tests.Card.CardGraphicTest" file="/home/shiajo/dbwebb-kurser/mvc/me/report/tests/Card/CardGraphicTest.php" line="19" assertions="1" time="0.000432"/>
        <testcase name="testToString" class="App\Tests\Card\CardGraphicTest" classname="App.Tests.Card.CardGraphicTest" file="/home/shiajo/dbwebb-kurser/mvc/me/report/tests/Card/CardGraphicTest.php" line="25" assertions="1" time="0.000984"/>
      </testsuite>
      <testsuite name="App\Tests\Card\CardHandTest" file="/home/shiajo/dbwebb-kurser/mvc/me/report/tests/Card/CardHandTest.php" tests="1" assertions="1" errors="0" warnings="0" failures="0" skipped="0" time="0.008688">
        <testcase name="testDrawCard" class="App\Tests\Card\CardHandTest" classname="App.Tests.Card.CardHandTest" file="/home/shiajo/dbwebb-kurser/mvc/me/report/tests/Card/CardHandTest.php" line="15" assertions="1" time="0.008688"/>
      </testsuite>
      <testsuite name="App\Tests\Card\CardTest" file="/home/shiajo/dbwebb-kurser/mvc/me/report/tests/Card/CardTest.php" tests="3" assertions="3" errors="0" warnings="0" failures="0" skipped="0" time="0.001666">
        <testcase name="testGetValue" class="App\Tests\Card\CardTest" classname="App.Tests.Card.CardTest" file="/home/shiajo/dbwebb-kurser/mvc/me/report/tests/Card/CardTest.php" line="13" assertions="1" time="0.000695"/>
        <testcase name="testGetSuit" class="App\Tests\Card\CardTest" classname="App.Tests.Card.CardTest" file="/home/shiajo/dbwebb-kurser/mvc/me/report/tests/Card/CardTest.php" line="19" assertions="1" time="0.000552"/>
        <testcase name="testToString" class="App\Tests\Card\CardTest" classname="App.Tests.Card.CardTest" file="/home/shiajo/dbwebb-kurser/mvc/me/report/tests/Card/CardTest.php" line="25" assertions="1" time="0.000420"/>
      </testsuite>
      <testsuite name="App\Tests\Card\DeckOfCardsTest" file="/home/shiajo/dbwebb-kurser/mvc/me/report/tests/Card/DeckOfCardsTest.php" tests="5" assertions="5" errors="0" warnings="0" failures="0" skipped="0" time="0.029810">
        <testcase name="testGetCards" class="App\Tests\Card\DeckOfCardsTest" classname="App.Tests.Card.DeckOfCardsTest" file="/home/shiajo/dbwebb-kurser/mvc/me/report/tests/Card/DeckOfCardsTest.php" line="13" assertions="1" time="0.002272"/>
        <testcase name="testSortCards" class="App\Tests\Card\DeckOfCardsTest" classname="App.Tests.Card.DeckOfCardsTest" file="/home/shiajo/dbwebb-kurser/mvc/me/report/tests/Card/DeckOfCardsTest.php" line="19" assertions="1" time="0.009822"/>
        <testcase name="testShuffleCards" class="App\Tests\Card\DeckOfCardsTest" classname="App.Tests.Card.DeckOfCardsTest" file="/home/shiajo/dbwebb-kurser/mvc/me/report/tests/Card/DeckOfCardsTest.php" line="26" assertions="1" time="0.015221"/>
        <testcase name="testCountCards" class="App\Tests\Card\DeckOfCardsTest" classname="App.Tests.Card.DeckOfCardsTest" file="/home/shiajo/dbwebb-kurser/mvc/me/report/tests/Card/DeckOfCardsTest.php" line="33" assertions="1" time="0.000583"/>
        <testcase name="testDrawReturn" class="App\Tests\Card\DeckOfCardsTest" classname="App.Tests.Card.DeckOfCardsTest" file="/home/shiajo/dbwebb-kurser/mvc/me/report/tests/Card/DeckOfCardsTest.php" line="39" assertions="1" time="0.001911"/>
      </testsuite>
      <testsuite name="App\Tests\Card\DrawTest" file="/home/shiajo/dbwebb-kurser/mvc/me/report/tests/Card/DrawTest.php" tests="2" assertions="3" errors="0" warnings="0" failures="0" skipped="0" time="0.004942">
        <testcase name="testPlayerDraw" class="App\Tests\Card\DrawTest" classname="App.Tests.Card.DrawTest" file="/home/shiajo/dbwebb-kurser/mvc/me/report/tests/Card/DrawTest.php" line="16" assertions="1" time="0.002734"/>
        <testcase name="testBankDraw" class="App\Tests\Card\DrawTest" classname="App.Tests.Card.DrawTest" file="/home/shiajo/dbwebb-kurser/mvc/me/report/tests/Card/DrawTest.php" line="28" assertions="2" time="0.002208"/>
      </testsuite>
      <testsuite name="App\Tests\Card\GameTest" file="/home/shiajo/dbwebb-kurser/mvc/me/report/tests/Card/GameTest.php" tests="4" assertions="7" errors="0" warnings="0" failures="0" skipped="0" time="0.035704">
        <testcase name="testPlayGame" class="App\Tests\Card\GameTest" classname="App.Tests.Card.GameTest" file="/home/shiajo/dbwebb-kurser/mvc/me/report/tests/Card/GameTest.php" line="17" assertions="1" time="0.021544"/>
        <testcase name="testPlayGameWithDrawCard" class="App\Tests\Card\GameTest" classname="App.Tests.Card.GameTest" file="/home/shiajo/dbwebb-kurser/mvc/me/report/tests/Card/GameTest.php" line="28" assertions="1" time="0.012026"/>
        <testcase name="testPlayGameWithStop" class="App\Tests\Card\GameTest" classname="App.Tests.Card.GameTest" file="/home/shiajo/dbwebb-kurser/mvc/me/report/tests/Card/GameTest.php" line="40" assertions="1" time="0.001011"/>
        <testcase name="testWinner" class="App\Tests\Card\GameTest" classname="App.Tests.Card.GameTest" file="/home/shiajo/dbwebb-kurser/mvc/me/report/tests/Card/GameTest.php" line="52" assertions="4" time="0.001123"/>
      </testsuite>
      <testsuite name="App\Tests\Card\JsonCardFormatTest" file="/home/shiajo/dbwebb-kurser/mvc/me/report/tests/Card/JsonCardFormatTest.php" tests="1" assertions="1" errors="0" warnings="0" failures="0" skipped="0" time="0.001306">
        <testcase name="testGetCardsForJson" class="App\Tests\Card\JsonCardFormatTest" classname="App.Tests.Card.JsonCardFormatTest" file="/home/shiajo/dbwebb-kurser/mvc/me/report/tests/Card/JsonCardFormatTest.php" line="14" assertions="1" time="0.001306"/>
      </testsuite>
      <testsuite name="App\Tests\Card\JsonGameFormatTest" file="/home/shiajo/dbwebb-kurser/mvc/me/report/tests/Card/JsonGameFormatTest.php" tests="2" assertions="2" errors="0" warnings="0" failures="0" skipped="0" time="0.008225">
        <testcase name="testJsonGame" class="App\Tests\Card\JsonGameFormatTest" classname="App.Tests.Card.JsonGameFormatTest" file="/home/shiajo/dbwebb-kurser/mvc/me/report/tests/Card/JsonGameFormatTest.php" line="15" assertions="1" time="0.006316"/>
        <testcase name="testJsonBankHand" class="App\Tests\Card\JsonGameFormatTest" classname="App.Tests.Card.JsonGameFormatTest" file="/home/shiajo/dbwebb-kurser/mvc/me/report/tests/Card/JsonGameFormatTest.php" line="36" assertions="1" time="0.001908"/>
      </testsuite>
      <testsuite name="App\Tests\Card\SessionGameMethodsTest" file="/home/shiajo/dbwebb-kurser/mvc/me/report/tests/Card/SessionGameMethodsTest.php" tests="3" assertions="5" errors="0" warnings="0" failures="0" skipped="0" time="0.005594">
        <testcase name="testSessionGame" class="App\Tests\Card\SessionGameMethodsTest" classname="App.Tests.Card.SessionGameMethodsTest" file="/home/shiajo/dbwebb-kurser/mvc/me/report/tests/Card/SessionGameMethodsTest.php" line="15" assertions="2" time="0.000981"/>
        <testcase name="testReturnGame" class="App\Tests\Card\SessionGameMethodsTest" classname="App.Tests.Card.SessionGameMethodsTest" file="/home/shiajo/dbwebb-kurser/mvc/me/report/tests/Card/SessionGameMethodsTest.php" line="32" assertions="1" time="0.001075"/>
        <testcase name="testGameData" class="App\Tests\Card\SessionGameMethodsTest" classname="App.Tests.Card.SessionGameMethodsTest" file="/home/shiajo/dbwebb-kurser/mvc/me/report/tests/Card/SessionGameMethodsTest.php" line="49" assertions="2" time="0.003538"/>
      </testsuite>
      <testsuite name="App\Tests\Card\TurnTest" file="/home/shiajo/dbwebb-kurser/mvc/me/report/tests/Card/TurnTest.php" tests="2" assertions="3" errors="0" warnings="0" failures="0" skipped="0" time="0.002924">
        <testcase name="testPlayerTurn" class="App\Tests\Card\TurnTest" classname="App.Tests.Card.TurnTest" file="/home/shiajo/dbwebb-kurser/mvc/me/report/tests/Card/TurnTest.php" line="15" assertions="1" time="0.001265"/>
        <testcase name="testBankTurn" class="App\Tests\Card\TurnTest" classname="App.Tests.Card.TurnTest" file="/home/shiajo/dbwebb-kurser/mvc/me/report/tests/Card/TurnTest.php" line="28" assertions="2" time="0.001659"/>
      </testsuite>
      <testsuite name="App\Tests\Project\DealerTest" file="/home/shiajo/dbwebb-kurser/mvc/me/report/tests/Project/DealerTest.php" tests="3" assertions="5" errors="0" warnings="0" failures="0" skipped="0" time="0.005574">
        <testcase name="testDealerDraw" class="App\Tests\Project\DealerTest" classname="App.Tests.Project.DealerTest" file="/home/shiajo/dbwebb-kurser/mvc/me/report/tests/Project/DealerTest.php" line="17" assertions="2" time="0.002711"/>
        <testcase name="testFirstCard" class="App\Tests\Project\DealerTest" classname="App.Tests.Project.DealerTest" file="/home/shiajo/dbwebb-kurser/mvc/me/report/tests/Project/DealerTest.php" line="29" assertions="2" time="0.002139"/>
        <testcase name="testFirstPoints" class="App\Tests\Project\DealerTest" classname="App.Tests.Project.DealerTest" file="/home/shiajo/dbwebb-kurser/mvc/me/report/tests/Project/DealerTest.php" line="42" assertions="1" time="0.000724"/>
      </testsuite>
      <testsuite name="App\Tests\Project\GameTest" file="/home/shiajo/dbwebb-kurser/mvc/me/report/tests/Project/GameTest.php" tests="8" assertions="11" errors="0" warnings="0" failures="0" skipped="0" time="0.009637">
        <testcase name="testNumberPlayers" class="App\Tests\Project\GameTest" classname="App.Tests.Project.GameTest" file="/home/shiajo/dbwebb-kurser/mvc/me/report/tests/Project/GameTest.php" line="19" assertions="2" time="0.003154"/>
        <testcase name="testPlayerTurn" class="App\Tests\Project\GameTest" classname="App.Tests.Project.GameTest" file="/home/shiajo/dbwebb-kurser/mvc/me/report/tests/Project/GameTest.php" line="29" assertions="1" time="0.001160"/>
        <testcase name="testPlayerTurnIndex" class="App\Tests\Project\GameTest" classname="App.Tests.Project.GameTest" file="/home/shiajo/dbwebb-kurser/mvc/me/report/tests/Project/GameTest.php" line="43" assertions="1" time="0.001006"/>
        <testcase name="testGetWinner" class="App\Tests\Project\GameTest" classname="App.Tests.Project.GameTest" file="/home/shiajo/dbwebb-kurser/mvc/me/report/tests/Project/GameTest.php" line="59" assertions="1" time="0.000780"/>
        <testcase name="testGetWinnerNoWinner" class="App\Tests\Project\GameTest" classname="App.Tests.Project.GameTest" file="/home/shiajo/dbwebb-kurser/mvc/me/report/tests/Project/GameTest.php" line="79" assertions="1" time="0.000774"/>
        <testcase name="testGetWinnerDraw" class="App\Tests\Project\GameTest" classname="App.Tests.Project.GameTest" file="/home/shiajo/dbwebb-kurser/mvc/me/report/tests/Project/GameTest.php" line="101" assertions="2" time="0.000735"/>
        <testcase name="testEndGame" class="App\Tests\Project\GameTest" classname="App.Tests.Project.GameTest" file="/home/shiajo/dbwebb-kurser/mvc/me/report/tests/Project/GameTest.php" line="126" assertions="2" time="0.000634"/>
        <testcase name="testTwoCards" class="App\Tests\Project\GameTest" classname="App.Tests.Project.GameTest" file="/home/shiajo/dbwebb-kurser/mvc/me/report/tests/Project/GameTest.php" line="144" assertions="1" time="0.001394"/>
      </testsuite>
      <testsuite name="App\Tests\Project\JsonCardGameFormatTest" file="/home/shiajo/dbwebb-kurser/mvc/me/report/tests/Project/JsonCardGameFormatTest.php" tests="6" assertions="6" errors="0" warnings="0" failures="0" skipped="0" time="0.012343">
        <testcase name="testJsonGame" class="App\Tests\Project\JsonCardGameFormatTest" classname="App.Tests.Project.JsonCardGameFormatTest" file="/home/shiajo/dbwebb-kurser/mvc/me/report/tests/Project/JsonCardGameFormatTest.php" line="19" assertions="1" time="0.003607"/>
        <testcase name="testJasonPlayer" class="App\Tests\Project\JsonCardGameFormatTest" classname="App.Tests.Project.JsonCardGameFormatTest" file="/home/shiajo/dbwebb-kurser/mvc/me/report/tests/Project/JsonCardGameFormatTest.php" line="42" assertions="1" time="0.003829"/>
        <testcase name="testJasonDealer" class="App\Tests\Project\JsonCardGameFormatTest" classname="App.Tests.Project.JsonCardGameFormatTest" file="/home/shiajo/dbwebb-kurser/mvc/me/report/tests/Project/JsonCardGameFormatTest.php" line="66" assertions="1" time="0.001180"/>
        <testcase name="testJsonStatus" class="App\Tests\Project\JsonCardGameFormatTest" classname="App.Tests.Project.JsonCardGameFormatTest" file="/home/shiajo/dbwebb-kurser/mvc/me/report/tests/Project/JsonCardGameFormatTest.php" line="88" assertions="1" time="0.001293"/>
        <testcase name="testJsonDetails" class="App\Tests\Project\JsonCardGameFormatTest" classname="App.Tests.Project.JsonCardGameFormatTest" file="/home/shiajo/dbwebb-kurser/mvc/me/report/tests/Project/JsonCardGameFormatTest.php" line="110" assertions="1" time="0.001229"/>
        <testcase name="testJsonDetailsError" class="App\Tests\Project\JsonCardGameFormatTest" classname="App.Tests.Project.JsonCardGameFormatTest" file="/home/shiajo/dbwebb-kurser/mvc/me/report/tests/Project/JsonCardGameFormatTest.php" line="137" assertions="1" time="0.001205"/>
      </testsuite>
      <testsuite name="App\Tests\Project\PlayerTest" file="/home/shiajo/dbwebb-kurser/mvc/me/report/tests/Project/PlayerTest.php" tests="4" assertions="4" errors="0" warnings="0" failures="0" skipped="0" time="0.003001">
        <testcase name="testGetName" class="App\Tests\Project\PlayerTest" classname="App.Tests.Project.PlayerTest" file="/home/shiajo/dbwebb-kurser/mvc/me/report/tests/Project/PlayerTest.php" line="17" assertions="1" time="0.000687"/>
        <testcase name="testStandButton" class="App\Tests\Project\PlayerTest" classname="App.Tests.Project.PlayerTest" file="/home/shiajo/dbwebb-kurser/mvc/me/report/tests/Project/PlayerTest.php" line="24" assertions="1" time="0.000699"/>
        <testcase name="testPlayerDraw" class="App\Tests\Project\PlayerTest" classname="App.Tests.Project.PlayerTest" file="/home/shiajo/dbwebb-kurser/mvc/me/report/tests/Project/PlayerTest.php" line="33" assertions="1" time="0.000770"/>
        <testcase name="testPlayerDrawCards" class="App\Tests\Project\PlayerTest" classname="App.Tests.Project.PlayerTest" file="/home/shiajo/dbwebb-kurser/mvc/me/report/tests/Project/PlayerTest.php" line="47" assertions="1" time="0.000844"/>
      </testsuite>
      <testsuite name="App\Tests\Project\ScoreTest" file="/home/shiajo/dbwebb-kurser/mvc/me/report/tests/Project/ScoreTest.php" tests="2" assertions="2" errors="0" warnings="0" failures="0" skipped="0" time="0.001841">
        <testcase name="testGetScore" class="App\Tests\Project\ScoreTest" classname="App.Tests.Project.ScoreTest" file="/home/shiajo/dbwebb-kurser/mvc/me/report/tests/Project/ScoreTest.php" line="20" assertions="1" time="0.000536"/>
        <testcase name="testUpdateScore" class="App\Tests\Project\ScoreTest" classname="App.Tests.Project.ScoreTest" file="/home/shiajo/dbwebb-kurser/mvc/me/report/tests/Project/ScoreTest.php" line="30" assertions="1" time="0.001305"/>
      </testsuite>
    </testsuite>
  </testsuite>
</testsuites>
